Connecting to database specified by database.yml
Connecting to database specified by database.yml
  [1m[36m (0.1ms)[0m  [1mselect sqlite_version(*)[0m
  [1m[35m (1.6ms)[0m  CREATE TABLE "schema_migrations" ("version" varchar(255) NOT NULL) 
  [1m[36m (0.0ms)[0m  [1mPRAGMA index_list("schema_migrations")[0m
  [1m[35m (1.1ms)[0m  CREATE UNIQUE INDEX "unique_schema_migrations" ON "schema_migrations" ("version")
  [1m[36m (0.1ms)[0m  [1mSELECT "schema_migrations"."version" FROM "schema_migrations" [0m
Migrating to CreateGroups (20120826195601)
  [1m[35m (0.0ms)[0m  begin transaction
  [1m[36m (0.4ms)[0m  [1mCREATE TABLE "groups" ("id" INTEGER PRIMARY KEY AUTOINCREMENT NOT NULL, "Names" varchar(255), "title" varchar(255), "name" varchar(255), "email" varchar(255), "created_at" datetime NOT NULL, "updated_at" datetime NOT NULL) [0m
  [1m[35m (0.1ms)[0m  INSERT INTO "schema_migrations" ("version") VALUES ('20120826195601')
  [1m[36m (15.5ms)[0m  [1mcommit transaction[0m
  [1m[35m (0.2ms)[0m  select sqlite_version(*)
  [1m[36m (0.1ms)[0m  [1mSELECT "schema_migrations"."version" FROM "schema_migrations" [0m
  [1m[35m (0.0ms)[0m  PRAGMA index_list("groups")


Started GET "/assets/rails.png" for 127.0.0.1 at 2012-08-26 14:56:30 -0500
Connecting to database specified by database.yml
Served asset /rails.png - 304 Not Modified (4ms)


Started GET "/groups" for 127.0.0.1 at 2012-08-26 14:56:35 -0500
Processing by GroupsController#index as HTML
  [1m[36mGroup Load (0.1ms)[0m  [1mSELECT "groups".* FROM "groups" [0m
  Rendered groups/index.html.erb within layouts/application (3.8ms)
Compiled groups.css  (29ms)  (pid 13422)
Compiled scaffolds.css  (14ms)  (pid 13422)
Compiled application.css  (98ms)  (pid 13422)
Compiled jquery.js  (4ms)  (pid 13422)
Compiled jquery_ujs.js  (0ms)  (pid 13422)
Compiled groups.js  (233ms)  (pid 13422)
Compiled application.js  (292ms)  (pid 13422)
Completed 200 OK in 574ms (Views: 516.2ms | ActiveRecord: 3.1ms)


Started GET "/assets/groups.css?body=1" for 127.0.0.1 at 2012-08-26 14:56:36 -0500
Served asset /groups.css - 200 OK (1ms)


Started GET "/assets/application.js?body=1" for 127.0.0.1 at 2012-08-26 14:56:36 -0500
Served asset /application.js - 304 Not Modified (7ms)


Started GET "/assets/scaffolds.css?body=1" for 127.0.0.1 at 2012-08-26 14:56:36 -0500
Served asset /scaffolds.css - 304 Not Modified (1ms)


Started GET "/assets/application.css?body=1" for 127.0.0.1 at 2012-08-26 14:56:36 -0500
Served asset /application.css - 304 Not Modified (2ms)


Started GET "/assets/groups.js?body=1" for 127.0.0.1 at 2012-08-26 14:56:36 -0500
Served asset /groups.js - 200 OK (1ms)


Started GET "/assets/jquery.js?body=1" for 127.0.0.1 at 2012-08-26 14:56:36 -0500
Served asset /jquery.js - 304 Not Modified (27ms)


Started GET "/assets/jquery_ujs.js?body=1" for 127.0.0.1 at 2012-08-26 14:56:36 -0500
Served asset /jquery_ujs.js - 304 Not Modified (1ms)


Started GET "/groups/new" for 127.0.0.1 at 2012-08-26 14:56:40 -0500
Processing by GroupsController#new as HTML
  Rendered groups/_form.html.erb (9.5ms)
  Rendered groups/new.html.erb within layouts/application (13.7ms)
Completed 200 OK in 26ms (Views: 18.3ms | ActiveRecord: 0.0ms)


Started GET "/assets/application.css?body=1" for 127.0.0.1 at 2012-08-26 14:56:40 -0500
Served asset /application.css - 304 Not Modified (0ms)


Started GET "/assets/groups.css?body=1" for 127.0.0.1 at 2012-08-26 14:56:40 -0500
Served asset /groups.css - 304 Not Modified (0ms)


Started GET "/assets/jquery.js?body=1" for 127.0.0.1 at 2012-08-26 14:56:40 -0500
Served asset /jquery.js - 304 Not Modified (0ms)


Started GET "/assets/scaffolds.css?body=1" for 127.0.0.1 at 2012-08-26 14:56:40 -0500
Served asset /scaffolds.css - 304 Not Modified (0ms)


Started GET "/assets/application.js?body=1" for 127.0.0.1 at 2012-08-26 14:56:40 -0500
Served asset /application.js - 304 Not Modified (0ms)


Started GET "/assets/groups.js?body=1" for 127.0.0.1 at 2012-08-26 14:56:40 -0500
Served asset /groups.js - 304 Not Modified (0ms)


Started GET "/assets/jquery_ujs.js?body=1" for 127.0.0.1 at 2012-08-26 14:56:40 -0500
Served asset /jquery_ujs.js - 304 Not Modified (0ms)
Connecting to database specified by database.yml
Connecting to database specified by database.yml
  [1m[36m (0.1ms)[0m  [1mSELECT "schema_migrations"."version" FROM "schema_migrations" [0m
Migrating to CreateGroups (20120826195601)
Migrating to CreateFriends (20120826195857)
  [1m[35m (0.0ms)[0m  select sqlite_version(*)
  [1m[36m (0.0ms)[0m  [1mbegin transaction[0m
  [1m[35m (0.4ms)[0m  CREATE TABLE "friends" ("id" INTEGER PRIMARY KEY AUTOINCREMENT NOT NULL, "name" varchar(255), "email" varchar(255), "phone" varchar(255), "created_at" datetime NOT NULL, "updated_at" datetime NOT NULL) 
  [1m[36m (0.1ms)[0m  [1mINSERT INTO "schema_migrations" ("version") VALUES ('20120826195857')[0m
  [1m[35m (1.4ms)[0m  commit transaction
  [1m[36m (0.2ms)[0m  [1mselect sqlite_version(*)[0m
  [1m[35m (0.1ms)[0m  SELECT "schema_migrations"."version" FROM "schema_migrations" 
  [1m[36m (0.0ms)[0m  [1mPRAGMA index_list("friends")[0m
  [1m[35m (0.0ms)[0m  PRAGMA index_list("groups")


Started GET "/friends" for 127.0.0.1 at 2012-08-26 14:59:33 -0500
Connecting to database specified by database.yml
Processing by FriendsController#index as HTML
  [1m[36mFriend Load (0.1ms)[0m  [1mSELECT "friends".* FROM "friends" [0m
  Rendered friends/index.html.erb within layouts/application (27.3ms)
Compiled friends.css  (4ms)  (pid 13431)
Compiled application.css  (11ms)  (pid 13431)
Compiled friends.js  (64ms)  (pid 13431)
Compiled application.js  (110ms)  (pid 13431)
Completed 200 OK in 223ms (Views: 205.9ms | ActiveRecord: 2.0ms)


Started GET "/assets/friends.css?body=1" for 127.0.0.1 at 2012-08-26 14:59:33 -0500
Served asset /friends.css - 200 OK (1ms)


Started GET "/assets/groups.css?body=1" for 127.0.0.1 at 2012-08-26 14:59:33 -0500
Served asset /groups.css - 304 Not Modified (2ms)


Started GET "/assets/application.css?body=1" for 127.0.0.1 at 2012-08-26 14:59:33 -0500
Served asset /application.css - 304 Not Modified (7ms)


Started GET "/assets/friends.js?body=1" for 127.0.0.1 at 2012-08-26 14:59:33 -0500
Served asset /friends.js - 200 OK (1ms)


Started GET "/assets/scaffolds.css?body=1" for 127.0.0.1 at 2012-08-26 14:59:33 -0500
Served asset /scaffolds.css - 304 Not Modified (1ms)


Started GET "/assets/jquery_ujs.js?body=1" for 127.0.0.1 at 2012-08-26 14:59:33 -0500
Served asset /jquery_ujs.js - 304 Not Modified (2ms)


Started GET "/assets/groups.js?body=1" for 127.0.0.1 at 2012-08-26 14:59:33 -0500
Served asset /groups.js - 304 Not Modified (1ms)


Started GET "/assets/jquery.js?body=1" for 127.0.0.1 at 2012-08-26 14:59:33 -0500
Served asset /jquery.js - 304 Not Modified (2ms)


Started GET "/assets/application.js?body=1" for 127.0.0.1 at 2012-08-26 14:59:33 -0500
Served asset /application.js - 304 Not Modified (39ms)


Started GET "/friends/new" for 127.0.0.1 at 2012-08-26 14:59:38 -0500
Processing by FriendsController#new as HTML
  Rendered friends/_form.html.erb (12.8ms)
  Rendered friends/new.html.erb within layouts/application (17.8ms)
Completed 200 OK in 34ms (Views: 25.0ms | ActiveRecord: 0.0ms)


Started GET "/assets/application.css?body=1" for 127.0.0.1 at 2012-08-26 14:59:38 -0500
Served asset /application.css - 304 Not Modified (0ms)


Started GET "/assets/groups.css?body=1" for 127.0.0.1 at 2012-08-26 14:59:38 -0500
Served asset /groups.css - 304 Not Modified (0ms)


Started GET "/assets/scaffolds.css?body=1" for 127.0.0.1 at 2012-08-26 14:59:38 -0500
Served asset /scaffolds.css - 304 Not Modified (0ms)


Started GET "/assets/friends.css?body=1" for 127.0.0.1 at 2012-08-26 14:59:38 -0500
Served asset /friends.css - 304 Not Modified (0ms)


Started GET "/assets/jquery.js?body=1" for 127.0.0.1 at 2012-08-26 14:59:38 -0500
Served asset /jquery.js - 304 Not Modified (0ms)


Started GET "/assets/jquery_ujs.js?body=1" for 127.0.0.1 at 2012-08-26 14:59:38 -0500
Served asset /jquery_ujs.js - 304 Not Modified (0ms)


Started GET "/assets/friends.js?body=1" for 127.0.0.1 at 2012-08-26 14:59:38 -0500
Served asset /friends.js - 304 Not Modified (0ms)


Started GET "/assets/application.js?body=1" for 127.0.0.1 at 2012-08-26 14:59:38 -0500
Served asset /application.js - 304 Not Modified (0ms)


Started GET "/assets/groups.js?body=1" for 127.0.0.1 at 2012-08-26 14:59:38 -0500
Served asset /groups.js - 304 Not Modified (0ms)


Started POST "/friends" for 127.0.0.1 at 2012-08-26 15:00:01 -0500
Processing by FriendsController#create as HTML
  Parameters: {"utf8"=>"✓", "authenticity_token"=>"ifR9c8BGjNs6b3wzAUcSZrK7+RLEG7jQGEb7WwJlvcQ=", "friend"=>{"name"=>"Dennis Keefe", "email"=>"dkeefe75@gmail.com", "phone"=>"850-541-6534"}, "commit"=>"Create Friend"}
  [1m[35m (0.1ms)[0m  begin transaction
  [1m[36mSQL (4.2ms)[0m  [1mINSERT INTO "friends" ("created_at", "email", "name", "phone", "updated_at") VALUES (?, ?, ?, ?, ?)[0m  [["created_at", Sun, 26 Aug 2012 20:00:01 UTC +00:00], ["email", "dkeefe75@gmail.com"], ["name", "Dennis Keefe"], ["phone", "850-541-6534"], ["updated_at", Sun, 26 Aug 2012 20:00:01 UTC +00:00]]
  [1m[35m (2.0ms)[0m  commit transaction
Redirected to http://localhost:3000/friends/1
Completed 302 Found in 11ms (ActiveRecord: 6.3ms)


Started GET "/friends/1" for 127.0.0.1 at 2012-08-26 15:00:01 -0500
Processing by FriendsController#show as HTML
  Parameters: {"id"=>"1"}
  [1m[36mFriend Load (0.3ms)[0m  [1mSELECT "friends".* FROM "friends" WHERE "friends"."id" = ? LIMIT 1[0m  [["id", "1"]]
  Rendered friends/show.html.erb within layouts/application (1.3ms)
Completed 200 OK in 10ms (Views: 7.6ms | ActiveRecord: 0.3ms)


Started GET "/assets/application.css?body=1" for 127.0.0.1 at 2012-08-26 15:00:01 -0500
Served asset /application.css - 304 Not Modified (0ms)


Started GET "/assets/groups.css?body=1" for 127.0.0.1 at 2012-08-26 15:00:01 -0500
Served asset /groups.css - 304 Not Modified (0ms)


Started GET "/assets/friends.css?body=1" for 127.0.0.1 at 2012-08-26 15:00:01 -0500
Served asset /friends.css - 304 Not Modified (0ms)


Started GET "/assets/scaffolds.css?body=1" for 127.0.0.1 at 2012-08-26 15:00:01 -0500
Served asset /scaffolds.css - 304 Not Modified (0ms)


Started GET "/assets/jquery.js?body=1" for 127.0.0.1 at 2012-08-26 15:00:01 -0500
Served asset /jquery.js - 304 Not Modified (0ms)


Started GET "/assets/jquery_ujs.js?body=1" for 127.0.0.1 at 2012-08-26 15:00:01 -0500
Served asset /jquery_ujs.js - 304 Not Modified (0ms)


Started GET "/assets/friends.js?body=1" for 127.0.0.1 at 2012-08-26 15:00:01 -0500
Served asset /friends.js - 304 Not Modified (0ms)


Started GET "/assets/groups.js?body=1" for 127.0.0.1 at 2012-08-26 15:00:01 -0500
Served asset /groups.js - 304 Not Modified (0ms)


Started GET "/assets/application.js?body=1" for 127.0.0.1 at 2012-08-26 15:00:01 -0500
Served asset /application.js - 304 Not Modified (0ms)


Started GET "/friends" for 127.0.0.1 at 2012-08-26 15:00:03 -0500
Processing by FriendsController#index as HTML
  [1m[35mFriend Load (0.2ms)[0m  SELECT "friends".* FROM "friends" 
  Rendered friends/index.html.erb within layouts/application (1.1ms)
Completed 200 OK in 8ms (Views: 6.6ms | ActiveRecord: 0.2ms)


Started GET "/assets/application.css?body=1" for 127.0.0.1 at 2012-08-26 15:00:03 -0500
Served asset /application.css - 304 Not Modified (0ms)


Started GET "/assets/jquery.js?body=1" for 127.0.0.1 at 2012-08-26 15:00:03 -0500
Served asset /jquery.js - 304 Not Modified (0ms)


Started GET "/assets/jquery_ujs.js?body=1" for 127.0.0.1 at 2012-08-26 15:00:03 -0500
Served asset /jquery_ujs.js - 304 Not Modified (0ms)


Started GET "/assets/groups.css?body=1" for 127.0.0.1 at 2012-08-26 15:00:03 -0500
Served asset /groups.css - 304 Not Modified (0ms)


Started GET "/assets/scaffolds.css?body=1" for 127.0.0.1 at 2012-08-26 15:00:03 -0500
Served asset /scaffolds.css - 304 Not Modified (0ms)


Started GET "/assets/friends.css?body=1" for 127.0.0.1 at 2012-08-26 15:00:03 -0500
Served asset /friends.css - 304 Not Modified (0ms)


Started GET "/assets/friends.js?body=1" for 127.0.0.1 at 2012-08-26 15:00:03 -0500
Served asset /friends.js - 304 Not Modified (0ms)


Started GET "/assets/application.js?body=1" for 127.0.0.1 at 2012-08-26 15:00:03 -0500
Served asset /application.js - 304 Not Modified (0ms)


Started GET "/assets/groups.js?body=1" for 127.0.0.1 at 2012-08-26 15:00:03 -0500
Served asset /groups.js - 304 Not Modified (0ms)
Connecting to database specified by database.yml
Connecting to database specified by database.yml
  [1m[36m (0.1ms)[0m  [1mSELECT "schema_migrations"."version" FROM "schema_migrations" [0m
Migrating to CreateGroups (20120826195601)
Migrating to CreateFriends (20120826195857)
Migrating to DeviseCreateUsers (20120826200241)
  [1m[35m (0.0ms)[0m  select sqlite_version(*)
  [1m[36m (0.0ms)[0m  [1mbegin transaction[0m
  [1m[35m (0.5ms)[0m  CREATE TABLE "users" ("id" INTEGER PRIMARY KEY AUTOINCREMENT NOT NULL, "email" varchar(255) DEFAULT '' NOT NULL, "encrypted_password" varchar(255) DEFAULT '' NOT NULL, "reset_password_token" varchar(255), "reset_password_sent_at" datetime, "remember_created_at" datetime, "sign_in_count" integer DEFAULT 0, "current_sign_in_at" datetime, "last_sign_in_at" datetime, "current_sign_in_ip" varchar(255), "last_sign_in_ip" varchar(255), "created_at" datetime NOT NULL, "updated_at" datetime NOT NULL) 
  [1m[36m (0.0ms)[0m  [1mPRAGMA index_list("users")[0m
  [1m[35m (0.3ms)[0m  CREATE UNIQUE INDEX "index_users_on_email" ON "users" ("email")
  [1m[36m (0.0ms)[0m  [1mPRAGMA index_list("users")[0m
  [1m[35m (0.0ms)[0m  PRAGMA index_info('index_users_on_email')
  [1m[36m (0.1ms)[0m  [1mCREATE UNIQUE INDEX "index_users_on_reset_password_token" ON "users" ("reset_password_token")[0m
  [1m[35m (0.1ms)[0m  INSERT INTO "schema_migrations" ("version") VALUES ('20120826200241')
  [1m[36m (0.9ms)[0m  [1mcommit transaction[0m
  [1m[35m (0.4ms)[0m  select sqlite_version(*)
  [1m[36m (0.1ms)[0m  [1mSELECT "schema_migrations"."version" FROM "schema_migrations" [0m
  [1m[35m (0.0ms)[0m  PRAGMA index_list("friends")
  [1m[36m (0.0ms)[0m  [1mPRAGMA index_list("groups")[0m
  [1m[35m (0.1ms)[0m  PRAGMA index_list("users")
  [1m[36m (0.1ms)[0m  [1mPRAGMA index_info('index_users_on_reset_password_token')[0m
  [1m[35m (0.0ms)[0m  PRAGMA index_info('index_users_on_email')
Connecting to database specified by database.yml


Started GET "/assets/rails.png" for 127.0.0.1 at 2012-08-26 15:03:47 -0500
Served asset /rails.png - 304 Not Modified (2ms)


Started GET "/friends" for 127.0.0.1 at 2012-08-26 15:03:52 -0500
Processing by FriendsController#index as HTML
  [1m[36mFriend Load (0.1ms)[0m  [1mSELECT "friends".* FROM "friends" [0m
  Rendered friends/index.html.erb within layouts/application (3.9ms)
Completed 200 OK in 88ms (Views: 12.9ms | ActiveRecord: 2.1ms)


Started GET "/friends/new" for 127.0.0.1 at 2012-08-26 15:04:34 -0500
Processing by FriendsController#new as HTML
  Rendered friends/_form.html.erb (12.8ms)
  Rendered friends/new.html.erb within layouts/application (43.0ms)
Completed 200 OK in 46ms (Views: 45.6ms | ActiveRecord: 0.0ms)


Started GET "/friends" for 127.0.0.1 at 2012-08-26 15:04:37 -0500
Processing by FriendsController#index as HTML
  [1m[35mFriend Load (0.2ms)[0m  SELECT "friends".* FROM "friends" 
  Rendered friends/index.html.erb within layouts/application (1.2ms)
Completed 200 OK in 4ms (Views: 3.2ms | ActiveRecord: 0.2ms)


Started GET "/friends/new" for 127.0.0.1 at 2012-08-26 15:04:45 -0500
Processing by FriendsController#new as HTML
  Rendered friends/_form.html.erb (2.1ms)
  Rendered friends/new.html.erb within layouts/application (2.9ms)
Completed 200 OK in 5ms (Views: 4.9ms | ActiveRecord: 0.0ms)


Started GET "/friends" for 127.0.0.1 at 2012-08-26 15:04:47 -0500
Processing by FriendsController#index as HTML
  [1m[36mFriend Load (0.2ms)[0m  [1mSELECT "friends".* FROM "friends" [0m
  Rendered friends/index.html.erb within layouts/application (1.1ms)
Completed 200 OK in 4ms (Views: 3.1ms | ActiveRecord: 0.2ms)


Started GET "/users/sign_up" for 127.0.0.1 at 2012-08-26 15:04:56 -0500
Processing by Devise::RegistrationsController#new as HTML
  Rendered /Users/dkeefe75/.rvm/gems/ruby-1.9.3-p194/gems/devise-2.1.2/app/views/devise/shared/_links.erb (1.5ms)
  Rendered /Users/dkeefe75/.rvm/gems/ruby-1.9.3-p194/gems/devise-2.1.2/app/views/devise/registrations/new.html.erb within layouts/application (5.8ms)
Completed 200 OK in 25ms (Views: 9.1ms | ActiveRecord: 0.4ms)


Started POST "/users" for 127.0.0.1 at 2012-08-26 15:05:16 -0500
Processing by Devise::RegistrationsController#create as HTML
  Parameters: {"utf8"=>"✓", "authenticity_token"=>"ifR9c8BGjNs6b3wzAUcSZrK7+RLEG7jQGEb7WwJlvcQ=", "user"=>{"email"=>"dkeefe75@gmail.com", "password"=>"[FILTERED]", "password_confirmation"=>"[FILTERED]"}, "commit"=>"Sign up"}
  [1m[35m (0.1ms)[0m  begin transaction
  [1m[36mUser Exists (0.2ms)[0m  [1mSELECT 1 AS one FROM "users" WHERE "users"."email" = 'dkeefe75@gmail.com' LIMIT 1[0m
Binary data inserted for `string` type on column `encrypted_password`
  [1m[35mSQL (1.5ms)[0m  INSERT INTO "users" ("created_at", "current_sign_in_at", "current_sign_in_ip", "email", "encrypted_password", "last_sign_in_at", "last_sign_in_ip", "remember_created_at", "reset_password_sent_at", "reset_password_token", "sign_in_count", "updated_at") VALUES (?, ?, ?, ?, ?, ?, ?, ?, ?, ?, ?, ?)  [["created_at", Sun, 26 Aug 2012 20:05:16 UTC +00:00], ["current_sign_in_at", nil], ["current_sign_in_ip", nil], ["email", "dkeefe75@gmail.com"], ["encrypted_password", "$2a$10$UBHJtyMRFeBDQmYx9hcUme4bKVeApKAd8KziRVftsOjS3FKSqJC7y"], ["last_sign_in_at", nil], ["last_sign_in_ip", nil], ["remember_created_at", nil], ["reset_password_sent_at", nil], ["reset_password_token", nil], ["sign_in_count", 0], ["updated_at", Sun, 26 Aug 2012 20:05:16 UTC +00:00]]
  [1m[36m (1.2ms)[0m  [1mcommit transaction[0m
  [1m[35m (0.1ms)[0m  begin transaction
  [1m[36m (0.3ms)[0m  [1mUPDATE "users" SET "last_sign_in_at" = '2012-08-26 20:05:16.691302', "current_sign_in_at" = '2012-08-26 20:05:16.691302', "last_sign_in_ip" = '127.0.0.1', "current_sign_in_ip" = '127.0.0.1', "sign_in_count" = 1, "updated_at" = '2012-08-26 20:05:16.692076' WHERE "users"."id" = 1[0m
  [1m[35m (1.1ms)[0m  commit transaction
Redirected to http://localhost:3000/
Completed 302 Found in 128ms (ActiveRecord: 0.0ms)


Started GET "/assets/rails.png" for 127.0.0.1 at 2012-08-26 15:05:16 -0500
Served asset /rails.png - 304 Not Modified (0ms)


Started GET "/friends" for 127.0.0.1 at 2012-08-26 15:05:23 -0500
Processing by FriendsController#index as HTML
  [1m[36mFriend Load (0.2ms)[0m  [1mSELECT "friends".* FROM "friends" [0m
  Rendered friends/index.html.erb within layouts/application (1.5ms)
  [1m[35mUser Load (0.2ms)[0m  SELECT "users".* FROM "users" WHERE "users"."id" = 1 LIMIT 1
Completed 200 OK in 15ms (Views: 13.8ms | ActiveRecord: 0.5ms)


Started GET "/friends/1/edit" for 127.0.0.1 at 2012-08-26 15:06:12 -0500
Processing by FriendsController#edit as HTML
  Parameters: {"id"=>"1"}
  [1m[36mFriend Load (0.3ms)[0m  [1mSELECT "friends".* FROM "friends" WHERE "friends"."id" = ? LIMIT 1[0m  [["id", "1"]]
  Rendered friends/_form.html.erb (2.5ms)
  Rendered friends/edit.html.erb within layouts/application (3.8ms)
  [1m[35mUser Load (0.2ms)[0m  SELECT "users".* FROM "users" WHERE "users"."id" = 1 LIMIT 1
Completed 200 OK in 9ms (Views: 6.8ms | ActiveRecord: 0.5ms)


Started PUT "/friends/1" for 127.0.0.1 at 2012-08-26 15:06:22 -0500
Processing by FriendsController#update as HTML
  Parameters: {"utf8"=>"✓", "authenticity_token"=>"ifR9c8BGjNs6b3wzAUcSZrK7+RLEG7jQGEb7WwJlvcQ=", "friend"=>{"name"=>"Dennis Keefe", "email"=>"dkeefe75@gmail.com", "phone"=>"850-583-0679"}, "commit"=>"Update Friend", "id"=>"1"}
  [1m[36mFriend Load (0.2ms)[0m  [1mSELECT "friends".* FROM "friends" WHERE "friends"."id" = ? LIMIT 1[0m  [["id", "1"]]
  [1m[35m (0.1ms)[0m  begin transaction
  [1m[36m (0.3ms)[0m  [1mUPDATE "friends" SET "phone" = '850-583-0679', "updated_at" = '2012-08-26 20:06:22.916412' WHERE "friends"."id" = 1[0m
  [1m[35m (1.2ms)[0m  commit transaction
Redirected to http://localhost:3000/friends/1
Completed 302 Found in 7ms (ActiveRecord: 1.7ms)


Started GET "/friends/1" for 127.0.0.1 at 2012-08-26 15:06:22 -0500
Processing by FriendsController#show as HTML
  Parameters: {"id"=>"1"}
  [1m[36mFriend Load (0.1ms)[0m  [1mSELECT "friends".* FROM "friends" WHERE "friends"."id" = ? LIMIT 1[0m  [["id", "1"]]
  Rendered friends/show.html.erb within layouts/application (1.1ms)
  [1m[35mUser Load (0.3ms)[0m  SELECT "users".* FROM "users" WHERE "users"."id" = 1 LIMIT 1
Completed 200 OK in 5ms (Views: 3.9ms | ActiveRecord: 0.4ms)


Started GET "/friends" for 127.0.0.1 at 2012-08-26 15:06:24 -0500
Processing by FriendsController#index as HTML
  [1m[36mFriend Load (0.2ms)[0m  [1mSELECT "friends".* FROM "friends" [0m
  Rendered friends/index.html.erb within layouts/application (1.1ms)
  [1m[35mUser Load (0.2ms)[0m  SELECT "users".* FROM "users" WHERE "users"."id" = 1 LIMIT 1
Completed 200 OK in 5ms (Views: 3.7ms | ActiveRecord: 0.4ms)


Started GET "/friends/1/edit" for 127.0.0.1 at 2012-08-26 15:07:31 -0500
Processing by FriendsController#edit as HTML
  Parameters: {"id"=>"1"}
  [1m[36mFriend Load (0.1ms)[0m  [1mSELECT "friends".* FROM "friends" WHERE "friends"."id" = ? LIMIT 1[0m  [["id", "1"]]
  Rendered friends/_form.html.erb (2.5ms)
  Rendered friends/edit.html.erb within layouts/application (3.5ms)
  [1m[35mUser Load (0.3ms)[0m  SELECT "users".* FROM "users" WHERE "users"."id" = 1 LIMIT 1
Completed 200 OK in 8ms (Views: 6.6ms | ActiveRecord: 0.4ms)


Started PUT "/friends/1" for 127.0.0.1 at 2012-08-26 15:08:25 -0500
Processing by FriendsController#update as HTML
  Parameters: {"utf8"=>"✓", "authenticity_token"=>"ifR9c8BGjNs6b3wzAUcSZrK7+RLEG7jQGEb7WwJlvcQ=", "friend"=>{"name"=>"Beverly Nelson", "email"=>"beverly@beverlynelson.net", "phone"=>""}, "commit"=>"Update Friend", "id"=>"1"}
  [1m[36mFriend Load (0.2ms)[0m  [1mSELECT "friends".* FROM "friends" WHERE "friends"."id" = ? LIMIT 1[0m  [["id", "1"]]
  [1m[35m (0.1ms)[0m  begin transaction
  [1m[36m (0.4ms)[0m  [1mUPDATE "friends" SET "name" = 'Beverly Nelson', "email" = 'beverly@beverlynelson.net', "phone" = '', "updated_at" = '2012-08-26 20:08:25.922871' WHERE "friends"."id" = 1[0m
  [1m[35m (4.1ms)[0m  commit transaction
Redirected to http://localhost:3000/friends/1
Completed 302 Found in 8ms (ActiveRecord: 4.7ms)


Started GET "/friends/1" for 127.0.0.1 at 2012-08-26 15:08:25 -0500
Processing by FriendsController#show as HTML
  Parameters: {"id"=>"1"}
  [1m[36mFriend Load (0.2ms)[0m  [1mSELECT "friends".* FROM "friends" WHERE "friends"."id" = ? LIMIT 1[0m  [["id", "1"]]
  Rendered friends/show.html.erb within layouts/application (0.5ms)
  [1m[35mUser Load (0.2ms)[0m  SELECT "users".* FROM "users" WHERE "users"."id" = 1 LIMIT 1
Completed 200 OK in 4ms (Views: 2.9ms | ActiveRecord: 0.3ms)


Started GET "/friends" for 127.0.0.1 at 2012-08-26 15:08:27 -0500
Processing by FriendsController#index as HTML
  [1m[36mFriend Load (0.2ms)[0m  [1mSELECT "friends".* FROM "friends" [0m
  Rendered friends/index.html.erb within layouts/application (1.2ms)
  [1m[35mUser Load (0.2ms)[0m  SELECT "users".* FROM "users" WHERE "users"."id" = 1 LIMIT 1
Completed 200 OK in 5ms (Views: 3.8ms | ActiveRecord: 0.4ms)


Started GET "/friends/1/edit" for 127.0.0.1 at 2012-08-26 15:11:06 -0500
Processing by FriendsController#edit as HTML
  Parameters: {"id"=>"1"}
  [1m[36mFriend Load (0.1ms)[0m  [1mSELECT "friends".* FROM "friends" WHERE "friends"."id" = ? LIMIT 1[0m  [["id", "1"]]
  Rendered friends/_form.html.erb (3.2ms)
  Rendered friends/edit.html.erb within layouts/application (4.3ms)
  [1m[35mUser Load (0.2ms)[0m  SELECT "users".* FROM "users" WHERE "users"."id" = 1 LIMIT 1
Completed 200 OK in 8ms (Views: 6.9ms | ActiveRecord: 0.3ms)


Started PUT "/friends/1" for 127.0.0.1 at 2012-08-26 15:11:43 -0500
Processing by FriendsController#update as HTML
  Parameters: {"utf8"=>"✓", "authenticity_token"=>"ifR9c8BGjNs6b3wzAUcSZrK7+RLEG7jQGEb7WwJlvcQ=", "friend"=>{"name"=>"John Doe", "email"=>"john@johndoe.net", "phone"=>"800-555-1212"}, "commit"=>"Update Friend", "id"=>"1"}
  [1m[36mFriend Load (0.2ms)[0m  [1mSELECT "friends".* FROM "friends" WHERE "friends"."id" = ? LIMIT 1[0m  [["id", "1"]]
  [1m[35m (0.1ms)[0m  begin transaction
  [1m[36m (0.3ms)[0m  [1mUPDATE "friends" SET "name" = 'John Doe', "email" = 'john@johndoe.net', "phone" = '800-555-1212', "updated_at" = '2012-08-26 20:11:43.294763' WHERE "friends"."id" = 1[0m
  [1m[35m (1.0ms)[0m  commit transaction
Redirected to http://localhost:3000/friends/1
Completed 302 Found in 39ms (ActiveRecord: 1.5ms)


Started GET "/friends/1" for 127.0.0.1 at 2012-08-26 15:11:43 -0500
Processing by FriendsController#show as HTML
  Parameters: {"id"=>"1"}
  [1m[36mFriend Load (0.1ms)[0m  [1mSELECT "friends".* FROM "friends" WHERE "friends"."id" = ? LIMIT 1[0m  [["id", "1"]]
  Rendered friends/show.html.erb within layouts/application (0.6ms)
  [1m[35mUser Load (0.2ms)[0m  SELECT "users".* FROM "users" WHERE "users"."id" = 1 LIMIT 1
Completed 200 OK in 4ms (Views: 3.1ms | ActiveRecord: 0.3ms)


Started GET "/friends" for 127.0.0.1 at 2012-08-26 15:11:45 -0500
Processing by FriendsController#index as HTML
  [1m[36mFriend Load (0.2ms)[0m  [1mSELECT "friends".* FROM "friends" [0m
  Rendered friends/index.html.erb within layouts/application (1.5ms)
  [1m[35mUser Load (0.2ms)[0m  SELECT "users".* FROM "users" WHERE "users"."id" = 1 LIMIT 1
Completed 200 OK in 5ms (Views: 4.3ms | ActiveRecord: 0.4ms)
Connecting to database specified by database.yml


Started GET "/assets/rails.png" for 127.0.0.1 at 2012-08-26 16:09:33 -0500
Served asset /rails.png - 200 OK (3ms)


Started GET "/friends" for 127.0.0.1 at 2012-08-26 16:09:38 -0500
Processing by FriendsController#index as HTML
  [1m[36mFriend Load (0.1ms)[0m  [1mSELECT "friends".* FROM "friends" [0m
  Rendered friends/index.html.erb within layouts/application (4.2ms)
Completed 200 OK in 62ms (Views: 13.5ms | ActiveRecord: 1.8ms)


Started GET "/friends/new" for 127.0.0.1 at 2012-08-26 16:09:42 -0500
Processing by FriendsController#new as HTML
Completed 401 Unauthorized in 7ms


Started GET "/users/sign_in" for 127.0.0.1 at 2012-08-26 16:09:42 -0500
Processing by Devise::SessionsController#new as HTML
  Rendered /Users/dkeefe75/.rvm/gems/ruby-1.9.3-p194/gems/devise-2.1.2/app/views/devise/shared/_links.erb (1.4ms)
  Rendered /Users/dkeefe75/.rvm/gems/ruby-1.9.3-p194/gems/devise-2.1.2/app/views/devise/sessions/new.html.erb within layouts/application (8.2ms)
Completed 200 OK in 27ms (Views: 11.5ms | ActiveRecord: 0.4ms)


Started GET "/users/sign_up" for 127.0.0.1 at 2012-08-26 16:12:10 -0500
Processing by Devise::RegistrationsController#new as HTML
  Rendered /Users/dkeefe75/.rvm/gems/ruby-1.9.3-p194/gems/devise-2.1.2/app/views/devise/shared/_links.erb (0.4ms)
  Rendered /Users/dkeefe75/.rvm/gems/ruby-1.9.3-p194/gems/devise-2.1.2/app/views/devise/registrations/new.html.erb within layouts/application (3.9ms)
Completed 200 OK in 8ms (Views: 7.0ms | ActiveRecord: 0.0ms)


Started GET "/users/sign_in" for 127.0.0.1 at 2012-08-26 16:12:16 -0500
Processing by Devise::SessionsController#new as HTML
  Rendered /Users/dkeefe75/.rvm/gems/ruby-1.9.3-p194/gems/devise-2.1.2/app/views/devise/shared/_links.erb (0.3ms)
  Rendered /Users/dkeefe75/.rvm/gems/ruby-1.9.3-p194/gems/devise-2.1.2/app/views/devise/sessions/new.html.erb within layouts/application (2.9ms)
Completed 200 OK in 6ms (Views: 5.6ms | ActiveRecord: 0.0ms)


Started POST "/users/sign_in" for 127.0.0.1 at 2012-08-26 16:12:24 -0500
Processing by Devise::SessionsController#create as HTML
  Parameters: {"utf8"=>"✓", "authenticity_token"=>"JRYCLgUlns53MrveCjkEIuq2zQDtS88evgwz8fLTwig=", "user"=>{"email"=>"dkeefe75@gmail.com", "password"=>"[FILTERED]", "remember_me"=>"0"}, "commit"=>"Sign in"}
  [1m[35mUser Load (0.3ms)[0m  SELECT "users".* FROM "users" WHERE "users"."email" = 'dkeefe75@gmail.com' LIMIT 1
  [1m[36m (0.1ms)[0m  [1mbegin transaction[0m
  [1m[35m (0.4ms)[0m  UPDATE "users" SET "current_sign_in_at" = '2012-08-26 21:12:24.462235', "sign_in_count" = 2, "updated_at" = '2012-08-26 21:12:24.463368' WHERE "users"."id" = 1
  [1m[36m (1.3ms)[0m  [1mcommit transaction[0m
Redirected to http://localhost:3000/friends/new
Completed 302 Found in 149ms (ActiveRecord: 0.0ms)


Started GET "/friends/new" for 127.0.0.1 at 2012-08-26 16:12:24 -0500
Processing by FriendsController#new as HTML
  [1m[35mUser Load (0.2ms)[0m  SELECT "users".* FROM "users" WHERE "users"."id" = 1 LIMIT 1
  Rendered friends/_form.html.erb (3.6ms)
  Rendered friends/new.html.erb within layouts/application (5.3ms)
Completed 200 OK in 9ms (Views: 7.8ms | ActiveRecord: 0.2ms)


Started GET "/friends" for 127.0.0.1 at 2012-08-26 16:12:27 -0500
Processing by FriendsController#index as HTML
  [1m[36mFriend Load (0.2ms)[0m  [1mSELECT "friends".* FROM "friends" [0m
  Rendered friends/index.html.erb within layouts/application (1.1ms)
  [1m[35mUser Load (0.2ms)[0m  SELECT "users".* FROM "users" WHERE "users"."id" = 1 LIMIT 1
Completed 200 OK in 5ms (Views: 3.9ms | ActiveRecord: 0.4ms)


Started GET "/users/sign_out" for 127.0.0.1 at 2012-08-26 16:12:29 -0500

ActionController::RoutingError (No route matches [GET] "/users/sign_out"):
  actionpack (3.2.8) lib/action_dispatch/middleware/debug_exceptions.rb:21:in `call'
  actionpack (3.2.8) lib/action_dispatch/middleware/show_exceptions.rb:56:in `call'
  railties (3.2.8) lib/rails/rack/logger.rb:26:in `call_app'
  railties (3.2.8) lib/rails/rack/logger.rb:16:in `call'
  actionpack (3.2.8) lib/action_dispatch/middleware/request_id.rb:22:in `call'
  rack (1.4.1) lib/rack/methodoverride.rb:21:in `call'
  rack (1.4.1) lib/rack/runtime.rb:17:in `call'
  activesupport (3.2.8) lib/active_support/cache/strategy/local_cache.rb:72:in `call'
  rack (1.4.1) lib/rack/lock.rb:15:in `call'
  actionpack (3.2.8) lib/action_dispatch/middleware/static.rb:62:in `call'
  railties (3.2.8) lib/rails/engine.rb:479:in `call'
  railties (3.2.8) lib/rails/application.rb:223:in `call'
  rack (1.4.1) lib/rack/content_length.rb:14:in `call'
  railties (3.2.8) lib/rails/rack/log_tailer.rb:17:in `call'
  rack (1.4.1) lib/rack/handler/webrick.rb:59:in `service'
  /Users/dkeefe75/.rvm/rubies/ruby-1.9.3-p194/lib/ruby/1.9.1/webrick/httpserver.rb:138:in `service'
  /Users/dkeefe75/.rvm/rubies/ruby-1.9.3-p194/lib/ruby/1.9.1/webrick/httpserver.rb:94:in `run'
  /Users/dkeefe75/.rvm/rubies/ruby-1.9.3-p194/lib/ruby/1.9.1/webrick/server.rb:191:in `block in start_thread'


  Rendered /Users/dkeefe75/.rvm/gems/ruby-1.9.3-p194/gems/actionpack-3.2.8/lib/action_dispatch/middleware/templates/rescues/routing_error.erb within rescues/layout (0.6ms)
